<?xml version="1.0" encoding="UTF-8"?>
<!-- Generated by org.testng.reporters.JUnitReportReporter -->
<testsuite hostname="DESKTOP-PPGSCA3" failures="0" tests="2" name="testCases.TC001_AccountRegistrationPage" time="7.014" errors="0" timestamp="2024-09-04T16:35:15 IST" skipped="0">
  <testcase classname="testCases.TC001_AccountRegistrationPage" name="verify_account_registration" time="3.522"/>
  <system-out/>
  <testcase classname="testCases.TC001_AccountRegistrationPage" name="verify_account_registration" time="3.492"/>
  <system-out/>
</testsuite> <!-- testCases.TC001_AccountRegistrationPage -->
