<?xml version="1.0" encoding="UTF-8"?>
<!-- Generated by org.testng.reporters.JUnitReportReporter -->
<testsuite hostname="DESKTOP-PPGSCA3" failures="0" tests="2" name="testCases.TC002_LoginTest" time="3.587" errors="0" timestamp="2024-09-04T16:35:15 IST" skipped="0">
  <testcase classname="testCases.TC002_LoginTest" name="verify_login" time="1.932"/>
  <system-out/>
  <testcase classname="testCases.TC002_LoginTest" name="verify_login" time="1.655"/>
  <system-out/>
</testsuite> <!-- testCases.TC002_LoginTest -->
